<?xml version="1.0" encoding="UTF-8"?>
<!-- Generated by org.testng.reporters.JUnitXMLReporter -->
<testsuite hostname="RSI1557" ignored="0" name="Test" tests="6" failures="2" timestamp="11 Feb 2020 00:52:45 GMT" time="283.507" errors="0">
  <testcase name="deveFazerCadastroDeNovoUsuario" time="33.359" classname="br.com.rsi_hub.appium.test.CadastroTest"/>
  <testcase name="deveFazerCadastroDeUsuarioJaCadastrado" time="31.757" classname="br.com.rsi_hub.appium.test.CadastroTest"/>
  <testcase name="deveBuscarProdutoPelaLupa" time="9.349" classname="br.com.rsi_hub.appium.test.BuscaLupaTest"/>
  <testcase name="deveBuscarProdutoPelaLupaQueNaoExiste" time="4.335" classname="br.com.rsi_hub.appium.test.BuscaLupaTest"/>
  <testcase name="deveAdicionarProdutoCarrinhoComMaisDeDezItens" time="11.727" classname="br.com.rsi_hub.appium.test.TelaInicialTest">
    <failure type="org.openqa.selenium.StaleElementReferenceException" message="The element &amp;apos;By.id: com.Advantage.aShopping:id/textViewProductQuantity&amp;apos; does not exist in DOM anymore
For documentation on this error, please visit: https://www.seleniumhq.org/exceptions/stale_element_reference.html
Build info: version: &amp;apos;3.141.59&amp;apos;, revision: &amp;apos;e82be7d358&amp;apos;, time: &amp;apos;2018-11-14T08:17:03&amp;apos;
System info: host: &amp;apos;RSI1557&amp;apos;, ip: &amp;apos;192.168.0.103&amp;apos;, os.name: &amp;apos;Windows 10&amp;apos;, os.arch: &amp;apos;amd64&amp;apos;, os.version: &amp;apos;10.0&amp;apos;, java.version: &amp;apos;1.8.0_231&amp;apos;
Driver info: io.appium.java_client.android.AndroidDriver
Capabilities {appActivity: com.Advantage.aShopping.Spl..., appPackage: com.Advantage.aShopping, automationName: uiautomator2, databaseEnabled: false, desired: {appActivity: com.Advantage.aShopping.Spl..., appPackage: com.Advantage.aShopping, automationName: uiautomator2, deviceName: emulator-5554, platformName: android, resetKeyboard: true, unicodeKeyboard: true}, deviceApiLevel: 24, deviceManufacturer: Google, deviceModel: Android SDK built for x86, deviceName: emulator-5554, deviceScreenDensity: 420, deviceScreenSize: 1080x1920, deviceUDID: emulator-5554, javascriptEnabled: true, locationContextEnabled: false, networkConnectionEnabled: true, pixelRatio: 2.625, platform: LINUX, platformName: Android, platformVersion: 7.0, resetKeyboard: true, statBarHeight: 63, takesScreenshot: true, unicodeKeyboard: true, viewportRect: {height: 1731, left: 0, top: 63, width: 1080}, warnings: {}, webStorageEnabled: false}
Session ID: dda97b30-d874-4a26-87e0-8efc490afeaf">
      <![CDATA[org.openqa.selenium.StaleElementReferenceException: The element 'By.id: com.Advantage.aShopping:id/textViewProductQuantity' does not exist in DOM anymore
For documentation on this error, please visit: https://www.seleniumhq.org/exceptions/stale_element_reference.html
Build info: version: '3.141.59', revision: 'e82be7d358', time: '2018-11-14T08:17:03'
System info: host: 'RSI1557', ip: '192.168.0.103', os.name: 'Windows 10', os.arch: 'amd64', os.version: '10.0', java.version: '1.8.0_231'
Driver info: io.appium.java_client.android.AndroidDriver
Capabilities {appActivity: com.Advantage.aShopping.Spl..., appPackage: com.Advantage.aShopping, automationName: uiautomator2, databaseEnabled: false, desired: {appActivity: com.Advantage.aShopping.Spl..., appPackage: com.Advantage.aShopping, automationName: uiautomator2, deviceName: emulator-5554, platformName: android, resetKeyboard: true, unicodeKeyboard: true}, deviceApiLevel: 24, deviceManufacturer: Google, deviceModel: Android SDK built for x86, deviceName: emulator-5554, deviceScreenDensity: 420, deviceScreenSize: 1080x1920, deviceUDID: emulator-5554, javascriptEnabled: true, locationContextEnabled: false, networkConnectionEnabled: true, pixelRatio: 2.625, platform: LINUX, platformName: Android, platformVersion: 7.0, resetKeyboard: true, statBarHeight: 63, takesScreenshot: true, unicodeKeyboard: true, viewportRect: {height: 1731, left: 0, top: 63, width: 1080}, warnings: {}, webStorageEnabled: false}
Session ID: dda97b30-d874-4a26-87e0-8efc490afeaf
at org.openqa.selenium.remote.http.W3CHttpResponseCodec.createException(W3CHttpResponseCodec.java:187)
at org.openqa.selenium.remote.http.W3CHttpResponseCodec.decode(W3CHttpResponseCodec.java:122)
at org.openqa.selenium.remote.http.W3CHttpResponseCodec.decode(W3CHttpResponseCodec.java:49)
at org.openqa.selenium.remote.HttpCommandExecutor.execute(HttpCommandExecutor.java:158)
at io.appium.java_client.remote.AppiumCommandExecutor.execute(AppiumCommandExecutor.java:239)
at org.openqa.selenium.remote.RemoteWebDriver.execute(RemoteWebDriver.java:552)
at io.appium.java_client.DefaultGenericMobileDriver.execute(DefaultGenericMobileDriver.java:41)
at io.appium.java_client.AppiumDriver.execute(AppiumDriver.java:1)
at io.appium.java_client.android.AndroidDriver.execute(AndroidDriver.java:1)
at org.openqa.selenium.remote.RemoteWebElement.execute(RemoteWebElement.java:285)
at io.appium.java_client.DefaultGenericMobileElement.execute(DefaultGenericMobileElement.java:45)
at io.appium.java_client.MobileElement.execute(MobileElement.java:1)
at io.appium.java_client.android.AndroidElement.execute(AndroidElement.java:1)
at org.openqa.selenium.remote.RemoteWebElement.click(RemoteWebElement.java:84)
at org.openqa.selenium.support.pagefactory.internal.LocatingElementHandler.invoke(LocatingElementHandler.java:51)
at com.sun.proxy.$Proxy11.click(Unknown Source)
at br.com.rsi_hub.appium.PageFactory.ProdutoTelaPrincipalPage.digitarQuantidade(ProdutoTelaPrincipalPage.java:67)
at br.com.rsi_hub.appium.test.TelaInicialTest.deveAdicionarProdutoCarrinhoComMaisDeDezItens(TelaInicialTest.java:73)
... Removed 32 stack frames]]>
    </failure>
  </testcase> <!-- deveAdicionarProdutoCarrinhoComMaisDeDezItens -->
  <testcase name="deveBuscaProdutoTelaPrincipal" time="6.061" classname="br.com.rsi_hub.appium.test.TelaInicialTest">
    <failure type="java.lang.AssertionError" message="expected [true] but found [false]">
      <![CDATA[java.lang.AssertionError: expected [true] but found [false]
at br.com.rsi_hub.appium.test.TelaInicialTest.deveBuscaProdutoTelaPrincipal(TelaInicialTest.java:54)
... Removed 29 stack frames]]>
    </failure>
  </testcase> <!-- deveBuscaProdutoTelaPrincipal -->
</testsuite> <!-- Test -->
