<?xml version="1.0" encoding="UTF-8"?>
<testng-results skipped="0" failed="2" ignored="0" total="6" passed="4">
  <reporter-output>
  </reporter-output>
  <suite name="Suite Testes Mobile AdvantageDemo" duration-ms="283507" started-at="2020-02-11T00:48:02Z" finished-at="2020-02-11T00:52:45Z">
    <groups>
    </groups>
    <test name="Test" duration-ms="283507" started-at="2020-02-11T00:48:02Z" finished-at="2020-02-11T00:52:45Z">
      <class name="br.com.rsi_hub.appium.test.BuscaLupaTest">
        <test-method status="PASS" signature="relatorio()[pri:0, instance:br.com.rsi_hub.appium.test.BuscaLupaTest@e45f292]" name="relatorio" is-config="true" duration-ms="187" started-at="2020-02-11T00:48:02Z" finished-at="2020-02-11T00:48:02Z">
          <reporter-output>
          </reporter-output>
        </test-method> <!-- relatorio -->
        <test-method status="PASS" signature="relatorio()[pri:0, instance:br.com.rsi_hub.appium.test.CadastroTest@5bcab519]" name="relatorio" is-config="true" duration-ms="1" started-at="2020-02-11T00:48:02Z" finished-at="2020-02-11T00:48:02Z">
          <reporter-output>
          </reporter-output>
        </test-method> <!-- relatorio -->
        <test-method status="PASS" signature="relatorio()[pri:0, instance:br.com.rsi_hub.appium.test.TelaInicialTest@5f2108b5]" name="relatorio" is-config="true" duration-ms="1" started-at="2020-02-11T00:48:02Z" finished-at="2020-02-11T00:48:02Z">
          <reporter-output>
          </reporter-output>
        </test-method> <!-- relatorio -->
        <test-method status="PASS" signature="iniciarApp()[pri:0, instance:br.com.rsi_hub.appium.test.BuscaLupaTest@e45f292]" name="iniciarApp" is-config="true" duration-ms="28942" started-at="2020-02-11T00:50:10Z" finished-at="2020-02-11T00:50:39Z">
          <reporter-output>
          </reporter-output>
        </test-method> <!-- iniciarApp -->
        <test-method status="PASS" signature="deveBuscarProdutoPelaLupa()[pri:0, instance:br.com.rsi_hub.appium.test.BuscaLupaTest@e45f292]" name="deveBuscarProdutoPelaLupa" duration-ms="9349" started-at="2020-02-11T00:50:39Z" finished-at="2020-02-11T00:50:48Z">
          <reporter-output>
          </reporter-output>
        </test-method> <!-- deveBuscarProdutoPelaLupa -->
        <test-method status="PASS" signature="fecharApp(org.testng.ITestResult)[pri:0, instance:br.com.rsi_hub.appium.test.BuscaLupaTest@e45f292]" name="fecharApp" is-config="true" duration-ms="1895" started-at="2020-02-11T00:50:48Z" finished-at="2020-02-11T00:50:50Z">
          <params>
            <param index="0">
              <value>
                <![CDATA[[TestResult name=deveBuscarProdutoPelaLupa status=SUCCESS method=BuscaLupaTest.deveBuscarProdutoPelaLupa()[pri:0, instance:br.com.rsi_hub.appium.test.BuscaLupaTest@e45f292] output={null}]]]>
              </value>
            </param>
          </params>
          <reporter-output>
          </reporter-output>
        </test-method> <!-- fecharApp -->
        <test-method status="PASS" signature="iniciarApp()[pri:0, instance:br.com.rsi_hub.appium.test.BuscaLupaTest@e45f292]" name="iniciarApp" is-config="true" duration-ms="29151" started-at="2020-02-11T00:50:50Z" finished-at="2020-02-11T00:51:19Z">
          <reporter-output>
          </reporter-output>
        </test-method> <!-- iniciarApp -->
        <test-method status="PASS" signature="deveBuscarProdutoPelaLupaQueNaoExiste()[pri:0, instance:br.com.rsi_hub.appium.test.BuscaLupaTest@e45f292]" name="deveBuscarProdutoPelaLupaQueNaoExiste" duration-ms="4335" started-at="2020-02-11T00:51:19Z" finished-at="2020-02-11T00:51:23Z">
          <reporter-output>
          </reporter-output>
        </test-method> <!-- deveBuscarProdutoPelaLupaQueNaoExiste -->
        <test-method status="PASS" signature="fecharApp(org.testng.ITestResult)[pri:0, instance:br.com.rsi_hub.appium.test.BuscaLupaTest@e45f292]" name="fecharApp" is-config="true" duration-ms="1897" started-at="2020-02-11T00:51:23Z" finished-at="2020-02-11T00:51:25Z">
          <params>
            <param index="0">
              <value>
                <![CDATA[[TestResult name=deveBuscarProdutoPelaLupaQueNaoExiste status=SUCCESS method=BuscaLupaTest.deveBuscarProdutoPelaLupaQueNaoExiste()[pri:0, instance:br.com.rsi_hub.appium.test.BuscaLupaTest@e45f292] output={null}]]]>
              </value>
            </param>
          </params>
          <reporter-output>
          </reporter-output>
        </test-method> <!-- fecharApp -->
        <test-method status="PASS" signature="finalizaRelatorio()[pri:0, instance:br.com.rsi_hub.appium.test.CadastroTest@5bcab519]" name="finalizaRelatorio" is-config="true" duration-ms="0" started-at="2020-02-11T00:52:45Z" finished-at="2020-02-11T00:52:45Z">
          <reporter-output>
          </reporter-output>
        </test-method> <!-- finalizaRelatorio -->
        <test-method status="PASS" signature="finalizaRelatorio()[pri:0, instance:br.com.rsi_hub.appium.test.BuscaLupaTest@e45f292]" name="finalizaRelatorio" is-config="true" duration-ms="0" started-at="2020-02-11T00:52:45Z" finished-at="2020-02-11T00:52:45Z">
          <reporter-output>
          </reporter-output>
        </test-method> <!-- finalizaRelatorio -->
        <test-method status="PASS" signature="finalizaRelatorio()[pri:0, instance:br.com.rsi_hub.appium.test.TelaInicialTest@5f2108b5]" name="finalizaRelatorio" is-config="true" duration-ms="45" started-at="2020-02-11T00:52:45Z" finished-at="2020-02-11T00:52:45Z">
          <reporter-output>
          </reporter-output>
        </test-method> <!-- finalizaRelatorio -->
      </class> <!-- br.com.rsi_hub.appium.test.BuscaLupaTest -->
      <class name="br.com.rsi_hub.appium.test.CadastroTest">
        <test-method status="PASS" signature="setUp()[pri:0, instance:br.com.rsi_hub.appium.test.CadastroTest@5bcab519]" name="setUp" is-config="true" duration-ms="29777" started-at="2020-02-11T00:48:02Z" finished-at="2020-02-11T00:48:32Z">
          <reporter-output>
          </reporter-output>
        </test-method> <!-- setUp -->
        <test-method status="PASS" signature="deveFazerCadastroDeNovoUsuario()[pri:0, instance:br.com.rsi_hub.appium.test.CadastroTest@5bcab519]" name="deveFazerCadastroDeNovoUsuario" duration-ms="33359" started-at="2020-02-11T00:48:32Z" finished-at="2020-02-11T00:49:05Z">
          <reporter-output>
          </reporter-output>
        </test-method> <!-- deveFazerCadastroDeNovoUsuario -->
        <test-method status="PASS" signature="fecharApp(org.testng.ITestResult)[pri:0, instance:br.com.rsi_hub.appium.test.CadastroTest@5bcab519]" name="fecharApp" is-config="true" duration-ms="2113" started-at="2020-02-11T00:49:05Z" finished-at="2020-02-11T00:49:07Z">
          <params>
            <param index="0">
              <value>
                <![CDATA[[TestResult name=deveFazerCadastroDeNovoUsuario status=SUCCESS method=CadastroTest.deveFazerCadastroDeNovoUsuario()[pri:0, instance:br.com.rsi_hub.appium.test.CadastroTest@5bcab519] output={null}]]]>
              </value>
            </param>
          </params>
          <reporter-output>
          </reporter-output>
        </test-method> <!-- fecharApp -->
        <test-method status="PASS" signature="setUp()[pri:0, instance:br.com.rsi_hub.appium.test.CadastroTest@5bcab519]" name="setUp" is-config="true" duration-ms="28693" started-at="2020-02-11T00:49:07Z" finished-at="2020-02-11T00:49:36Z">
          <reporter-output>
          </reporter-output>
        </test-method> <!-- setUp -->
        <test-method status="PASS" signature="deveFazerCadastroDeUsuarioJaCadastrado()[pri:0, instance:br.com.rsi_hub.appium.test.CadastroTest@5bcab519]" name="deveFazerCadastroDeUsuarioJaCadastrado" duration-ms="31757" started-at="2020-02-11T00:49:36Z" finished-at="2020-02-11T00:50:08Z">
          <reporter-output>
          </reporter-output>
        </test-method> <!-- deveFazerCadastroDeUsuarioJaCadastrado -->
        <test-method status="PASS" signature="fecharApp(org.testng.ITestResult)[pri:0, instance:br.com.rsi_hub.appium.test.CadastroTest@5bcab519]" name="fecharApp" is-config="true" duration-ms="1889" started-at="2020-02-11T00:50:08Z" finished-at="2020-02-11T00:50:10Z">
          <params>
            <param index="0">
              <value>
                <![CDATA[[TestResult name=deveFazerCadastroDeUsuarioJaCadastrado status=SUCCESS method=CadastroTest.deveFazerCadastroDeUsuarioJaCadastrado()[pri:0, instance:br.com.rsi_hub.appium.test.CadastroTest@5bcab519] output={null}]]]>
              </value>
            </param>
          </params>
          <reporter-output>
          </reporter-output>
        </test-method> <!-- fecharApp -->
      </class> <!-- br.com.rsi_hub.appium.test.CadastroTest -->
      <class name="br.com.rsi_hub.appium.test.TelaInicialTest">
        <test-method status="PASS" signature="iniciarApp()[pri:0, instance:br.com.rsi_hub.appium.test.TelaInicialTest@5f2108b5]" name="iniciarApp" is-config="true" duration-ms="28640" started-at="2020-02-11T00:51:25Z" finished-at="2020-02-11T00:51:54Z">
          <reporter-output>
          </reporter-output>
        </test-method> <!-- iniciarApp -->
        <test-method status="FAIL" signature="deveAdicionarProdutoCarrinhoComMaisDeDezItens()[pri:0, instance:br.com.rsi_hub.appium.test.TelaInicialTest@5f2108b5]" name="deveAdicionarProdutoCarrinhoComMaisDeDezItens" duration-ms="11727" started-at="2020-02-11T00:51:54Z" finished-at="2020-02-11T00:52:06Z">
          <exception class="org.openqa.selenium.StaleElementReferenceException">
            <message>
              <![CDATA[The element 'By.id: com.Advantage.aShopping:id/textViewProductQuantity' does not exist in DOM anymore
For documentation on this error, please visit: https://www.seleniumhq.org/exceptions/stale_element_reference.html
Build info: version: '3.141.59', revision: 'e82be7d358', time: '2018-11-14T08:17:03'
System info: host: 'RSI1557', ip: '192.168.0.103', os.name: 'Windows 10', os.arch: 'amd64', os.version: '10.0', java.version: '1.8.0_231'
Driver info: io.appium.java_client.android.AndroidDriver
Capabilities {appActivity: com.Advantage.aShopping.Spl..., appPackage: com.Advantage.aShopping, automationName: uiautomator2, databaseEnabled: false, desired: {appActivity: com.Advantage.aShopping.Spl..., appPackage: com.Advantage.aShopping, automationName: uiautomator2, deviceName: emulator-5554, platformName: android, resetKeyboard: true, unicodeKeyboard: true}, deviceApiLevel: 24, deviceManufacturer: Google, deviceModel: Android SDK built for x86, deviceName: emulator-5554, deviceScreenDensity: 420, deviceScreenSize: 1080x1920, deviceUDID: emulator-5554, javascriptEnabled: true, locationContextEnabled: false, networkConnectionEnabled: true, pixelRatio: 2.625, platform: LINUX, platformName: Android, platformVersion: 7.0, resetKeyboard: true, statBarHeight: 63, takesScreenshot: true, unicodeKeyboard: true, viewportRect: {height: 1731, left: 0, top: 63, width: 1080}, warnings: {}, webStorageEnabled: false}
Session ID: dda97b30-d874-4a26-87e0-8efc490afeaf]]>
            </message>
            <full-stacktrace>
              <![CDATA[org.openqa.selenium.StaleElementReferenceException: The element 'By.id: com.Advantage.aShopping:id/textViewProductQuantity' does not exist in DOM anymore
For documentation on this error, please visit: https://www.seleniumhq.org/exceptions/stale_element_reference.html
Build info: version: '3.141.59', revision: 'e82be7d358', time: '2018-11-14T08:17:03'
System info: host: 'RSI1557', ip: '192.168.0.103', os.name: 'Windows 10', os.arch: 'amd64', os.version: '10.0', java.version: '1.8.0_231'
Driver info: io.appium.java_client.android.AndroidDriver
Capabilities {appActivity: com.Advantage.aShopping.Spl..., appPackage: com.Advantage.aShopping, automationName: uiautomator2, databaseEnabled: false, desired: {appActivity: com.Advantage.aShopping.Spl..., appPackage: com.Advantage.aShopping, automationName: uiautomator2, deviceName: emulator-5554, platformName: android, resetKeyboard: true, unicodeKeyboard: true}, deviceApiLevel: 24, deviceManufacturer: Google, deviceModel: Android SDK built for x86, deviceName: emulator-5554, deviceScreenDensity: 420, deviceScreenSize: 1080x1920, deviceUDID: emulator-5554, javascriptEnabled: true, locationContextEnabled: false, networkConnectionEnabled: true, pixelRatio: 2.625, platform: LINUX, platformName: Android, platformVersion: 7.0, resetKeyboard: true, statBarHeight: 63, takesScreenshot: true, unicodeKeyboard: true, viewportRect: {height: 1731, left: 0, top: 63, width: 1080}, warnings: {}, webStorageEnabled: false}
Session ID: dda97b30-d874-4a26-87e0-8efc490afeaf
at sun.reflect.NativeConstructorAccessorImpl.newInstance0(Native Method)
at sun.reflect.NativeConstructorAccessorImpl.newInstance(Unknown Source)
at sun.reflect.DelegatingConstructorAccessorImpl.newInstance(Unknown Source)
at java.lang.reflect.Constructor.newInstance(Unknown Source)
at org.openqa.selenium.remote.http.W3CHttpResponseCodec.createException(W3CHttpResponseCodec.java:187)
at org.openqa.selenium.remote.http.W3CHttpResponseCodec.decode(W3CHttpResponseCodec.java:122)
at org.openqa.selenium.remote.http.W3CHttpResponseCodec.decode(W3CHttpResponseCodec.java:49)
at org.openqa.selenium.remote.HttpCommandExecutor.execute(HttpCommandExecutor.java:158)
at io.appium.java_client.remote.AppiumCommandExecutor.execute(AppiumCommandExecutor.java:239)
at org.openqa.selenium.remote.RemoteWebDriver.execute(RemoteWebDriver.java:552)
at io.appium.java_client.DefaultGenericMobileDriver.execute(DefaultGenericMobileDriver.java:41)
at io.appium.java_client.AppiumDriver.execute(AppiumDriver.java:1)
at io.appium.java_client.android.AndroidDriver.execute(AndroidDriver.java:1)
at org.openqa.selenium.remote.RemoteWebElement.execute(RemoteWebElement.java:285)
at io.appium.java_client.DefaultGenericMobileElement.execute(DefaultGenericMobileElement.java:45)
at io.appium.java_client.MobileElement.execute(MobileElement.java:1)
at io.appium.java_client.android.AndroidElement.execute(AndroidElement.java:1)
at org.openqa.selenium.remote.RemoteWebElement.click(RemoteWebElement.java:84)
at sun.reflect.GeneratedMethodAccessor1.invoke(Unknown Source)
at sun.reflect.DelegatingMethodAccessorImpl.invoke(Unknown Source)
at java.lang.reflect.Method.invoke(Unknown Source)
at org.openqa.selenium.support.pagefactory.internal.LocatingElementHandler.invoke(LocatingElementHandler.java:51)
at com.sun.proxy.$Proxy11.click(Unknown Source)
at br.com.rsi_hub.appium.PageFactory.ProdutoTelaPrincipalPage.digitarQuantidade(ProdutoTelaPrincipalPage.java:67)
at br.com.rsi_hub.appium.test.TelaInicialTest.deveAdicionarProdutoCarrinhoComMaisDeDezItens(TelaInicialTest.java:73)
at sun.reflect.NativeMethodAccessorImpl.invoke0(Native Method)
at sun.reflect.NativeMethodAccessorImpl.invoke(Unknown Source)
at sun.reflect.DelegatingMethodAccessorImpl.invoke(Unknown Source)
at java.lang.reflect.Method.invoke(Unknown Source)
at org.testng.internal.MethodInvocationHelper.invokeMethod(MethodInvocationHelper.java:124)
at org.testng.internal.Invoker.invokeMethod(Invoker.java:583)
at org.testng.internal.Invoker.invokeTestMethod(Invoker.java:719)
at org.testng.internal.Invoker.invokeTestMethods(Invoker.java:989)
at org.testng.internal.TestMethodWorker.invokeTestMethods(TestMethodWorker.java:125)
at org.testng.internal.TestMethodWorker.run(TestMethodWorker.java:109)
at org.testng.TestRunner.privateRun(TestRunner.java:648)
at org.testng.TestRunner.run(TestRunner.java:505)
at org.testng.SuiteRunner.runTest(SuiteRunner.java:455)
at org.testng.SuiteRunner.runSequentially(SuiteRunner.java:450)
at org.testng.SuiteRunner.privateRun(SuiteRunner.java:415)
at org.testng.SuiteRunner.run(SuiteRunner.java:364)
at org.testng.SuiteRunnerWorker.runSuite(SuiteRunnerWorker.java:52)
at org.testng.SuiteRunnerWorker.run(SuiteRunnerWorker.java:84)
at org.testng.TestNG.runSuitesSequentially(TestNG.java:1208)
at org.testng.TestNG.runSuitesLocally(TestNG.java:1137)
at org.testng.TestNG.runSuites(TestNG.java:1049)
at org.testng.TestNG.run(TestNG.java:1017)
at org.testng.remote.AbstractRemoteTestNG.run(AbstractRemoteTestNG.java:115)
at org.testng.remote.RemoteTestNG.initAndRun(RemoteTestNG.java:251)
at org.testng.remote.RemoteTestNG.main(RemoteTestNG.java:77)
]]>
            </full-stacktrace>
          </exception> <!-- org.openqa.selenium.StaleElementReferenceException -->
          <reporter-output>
          </reporter-output>
        </test-method> <!-- deveAdicionarProdutoCarrinhoComMaisDeDezItens -->
        <test-method status="PASS" signature="fecharApp(org.testng.ITestResult)[pri:0, instance:br.com.rsi_hub.appium.test.TelaInicialTest@5f2108b5]" name="fecharApp" is-config="true" duration-ms="2239" started-at="2020-02-11T00:52:06Z" finished-at="2020-02-11T00:52:08Z">
          <params>
            <param index="0">
              <value>
                <![CDATA[[TestResult name=deveAdicionarProdutoCarrinhoComMaisDeDezItens status=FAILURE method=TelaInicialTest.deveAdicionarProdutoCarrinhoComMaisDeDezItens()[pri:0, instance:br.com.rsi_hub.appium.test.TelaInicialTest@5f2108b5] output={null}]]]>
              </value>
            </param>
          </params>
          <reporter-output>
          </reporter-output>
        </test-method> <!-- fecharApp -->
        <test-method status="PASS" signature="iniciarApp()[pri:0, instance:br.com.rsi_hub.appium.test.TelaInicialTest@5f2108b5]" name="iniciarApp" is-config="true" duration-ms="28909" started-at="2020-02-11T00:52:08Z" finished-at="2020-02-11T00:52:37Z">
          <reporter-output>
          </reporter-output>
        </test-method> <!-- iniciarApp -->
        <test-method status="FAIL" signature="deveBuscaProdutoTelaPrincipal()[pri:0, instance:br.com.rsi_hub.appium.test.TelaInicialTest@5f2108b5]" name="deveBuscaProdutoTelaPrincipal" duration-ms="6061" started-at="2020-02-11T00:52:37Z" finished-at="2020-02-11T00:52:43Z">
          <exception class="java.lang.AssertionError">
            <message>
              <![CDATA[expected [true] but found [false]]]>
            </message>
            <full-stacktrace>
              <![CDATA[java.lang.AssertionError: expected [true] but found [false]
at org.testng.Assert.fail(Assert.java:96)
at org.testng.Assert.failNotEquals(Assert.java:776)
at org.testng.Assert.assertTrue(Assert.java:44)
at org.testng.Assert.assertTrue(Assert.java:54)
at br.com.rsi_hub.appium.test.TelaInicialTest.deveBuscaProdutoTelaPrincipal(TelaInicialTest.java:54)
at sun.reflect.NativeMethodAccessorImpl.invoke0(Native Method)
at sun.reflect.NativeMethodAccessorImpl.invoke(Unknown Source)
at sun.reflect.DelegatingMethodAccessorImpl.invoke(Unknown Source)
at java.lang.reflect.Method.invoke(Unknown Source)
at org.testng.internal.MethodInvocationHelper.invokeMethod(MethodInvocationHelper.java:124)
at org.testng.internal.Invoker.invokeMethod(Invoker.java:583)
at org.testng.internal.Invoker.invokeTestMethod(Invoker.java:719)
at org.testng.internal.Invoker.invokeTestMethods(Invoker.java:989)
at org.testng.internal.TestMethodWorker.invokeTestMethods(TestMethodWorker.java:125)
at org.testng.internal.TestMethodWorker.run(TestMethodWorker.java:109)
at org.testng.TestRunner.privateRun(TestRunner.java:648)
at org.testng.TestRunner.run(TestRunner.java:505)
at org.testng.SuiteRunner.runTest(SuiteRunner.java:455)
at org.testng.SuiteRunner.runSequentially(SuiteRunner.java:450)
at org.testng.SuiteRunner.privateRun(SuiteRunner.java:415)
at org.testng.SuiteRunner.run(SuiteRunner.java:364)
at org.testng.SuiteRunnerWorker.runSuite(SuiteRunnerWorker.java:52)
at org.testng.SuiteRunnerWorker.run(SuiteRunnerWorker.java:84)
at org.testng.TestNG.runSuitesSequentially(TestNG.java:1208)
at org.testng.TestNG.runSuitesLocally(TestNG.java:1137)
at org.testng.TestNG.runSuites(TestNG.java:1049)
at org.testng.TestNG.run(TestNG.java:1017)
at org.testng.remote.AbstractRemoteTestNG.run(AbstractRemoteTestNG.java:115)
at org.testng.remote.RemoteTestNG.initAndRun(RemoteTestNG.java:251)
at org.testng.remote.RemoteTestNG.main(RemoteTestNG.java:77)
]]>
            </full-stacktrace>
          </exception> <!-- java.lang.AssertionError -->
          <reporter-output>
          </reporter-output>
        </test-method> <!-- deveBuscaProdutoTelaPrincipal -->
        <test-method status="PASS" signature="fecharApp(org.testng.ITestResult)[pri:0, instance:br.com.rsi_hub.appium.test.TelaInicialTest@5f2108b5]" name="fecharApp" is-config="true" duration-ms="2502" started-at="2020-02-11T00:52:43Z" finished-at="2020-02-11T00:52:45Z">
          <params>
            <param index="0">
              <value>
                <![CDATA[[TestResult name=deveBuscaProdutoTelaPrincipal status=FAILURE method=TelaInicialTest.deveBuscaProdutoTelaPrincipal()[pri:0, instance:br.com.rsi_hub.appium.test.TelaInicialTest@5f2108b5] output={null}]]]>
              </value>
            </param>
          </params>
          <reporter-output>
          </reporter-output>
        </test-method> <!-- fecharApp -->
      </class> <!-- br.com.rsi_hub.appium.test.TelaInicialTest -->
    </test> <!-- Test -->
  </suite> <!-- Suite Testes Mobile AdvantageDemo -->
</testng-results>
